[90mSat, 24 Feb 2024 21:23:09 +0000[0m [32mINF[0m [1mgithub.com/Telmate/terraform-provider-proxmox/proxmox/util.go:155[0m[36m >[0m Enabling the capture of log-library logs as ithe _capturelog flag was detected
[90mSat, 24 Feb 2024 21:23:09 +0000[0m [32mINF[0m [1mgithub.com/Telmate/terraform-provider-proxmox/proxmox/util.go:188[0m[36m >[0m Logging Started. Root Logger Set to level debug
[90mSat, 24 Feb 2024 21:24:16 +0000[0m [32mINF[0m [1mgithub.com/Telmate/terraform-provider-proxmox/proxmox/util.go:155[0m[36m >[0m Enabling the capture of log-library logs as ithe _capturelog flag was detected
[90mSat, 24 Feb 2024 21:24:16 +0000[0m [32mINF[0m [1mgithub.com/Telmate/terraform-provider-proxmox/proxmox/util.go:188[0m[36m >[0m Logging Started. Root Logger Set to level debug
2024/02/24 21:24:16 [DEBUG] setting computed for "unused_disk" from ComputedKeys
[90mSat, 24 Feb 2024 21:24:16 +0000[0m [33mDBG[0m [1mgithub.com/Telmate/terraform-provider-proxmox/proxmox/resource_vm_qemu.go:774[0m[36m >[0m Invoking VM create with resource data:  '{"additional_wait":0,"agent":1,"args":"","automatic_reboot":true,"balloon":0,"bios":"seabios","boot":"cdn","bootdisk":"virtio0","bridge":"","ci_wait":0,"cicustom":"","cipassword":"","ciuser":"","clone":"team01o-vault-server","clone_wait":0,"cloudinit_cdrom_storage":"","cores":1,"cpu":"host","default_ipv4_address":"","define_connection_info":true,"desc":"Vault Server for spring 2024 team-01o online section","disk":[{"aio":"","backup":0,"cache":"none","discard":"","file":"","format":"","iops":0,"iops_max":0,"iops_max_length":0,"iops_rd":0,"iops_rd_max":0,"iops_rd_max_length":0,"iops_wr":0,"iops_wr_max":0,"iops_wr_max_length":0,"iothread":0,"mbps":0,"mbps_rd":0,"mbps_rd_max":0,"mbps_wr":0,"mbps_wr_max":0,"media":"","replicate":0,"size":"30G","slot":0,"ssd":0,"storage":"datadisk2","storage_type":"","type":"virtio","volume":""}],"disk_gb":0,"force_create":false,"force_recreate_on_change_of":"","full_clone":true,"guest_agent_ready_timeout":100,"hagroup":"","hastate":"","hotplug":"network,disk,usb","ipconfig0":"ip=dhcp","ipconfig1":"ip=dhcp","ipconfig2":"ip=dhcp","ipconfig3":"","ipconfig4":"","ipconfig5":"","iso":"","kvm":true,"mac":"","memory":4096,"name":"team-01o-vm0.service.consul","nameserver":"","network":[{"bridge":"vmbr0","firewall":false,"link_down":false,"macaddr":"","model":"virtio","mtu":0,"queues":0,"rate":0,"tag":-1},{"bridge":"vmbr1","firewall":false,"link_down":false,"macaddr":"","model":"virtio","mtu":0,"queues":0,"rate":0,"tag":-1},{"bridge":"vmbr2","firewall":false,"link_down":false,"macaddr":"","model":"virtio","mtu":0,"queues":0,"rate":0,"tag":-1}],"nic":"","numa":false,"onboot":false,"oncreate":true,"os_network_config":"","os_type":"cloud-init","pool":"","preprovision":true,"pxe":false,"qemu_os":"","reboot_required":false,"scsihw":"virtio-scsi-pci","searchdomain":"","serial":[],"sockets":1,"ssh_forward_ip":"","ssh_host":"","ssh_port":"","ssh_private_key":"","ssh_user":"","sshkeys":"","startup":"","storage":"","storage_type":"","tablet":true,"tags":"","target_node":"system41","unused_disk":[],"usb":[],"vcpus":0,"vga":[],"vlan":-1,"vmid":0}' [36mloggerName=[0mresource_vm_create [36mvmid=[0m
2024/02/24 21:24:16 [DEBUG][QemuVmCreate] checking for duplicate name: team-01o-vm0.service.consul
2024/02/24 21:24:16 [DEBUG][QemuVmCreate] cloning VM
2024/02/24 21:28:37 [DEBUG][GetJsonRetryable] Sleeping for 1 seconds before asking url /cluster/ha/resources/134
2024/02/24 21:28:38 [DEBUG][GetJsonRetryable] Sleeping for 2 seconds before asking url /cluster/ha/resources/134
2024/02/24 21:28:40 [DEBUG][GetJsonRetryable] Sleeping for 3 seconds before asking url /cluster/ha/resources/134
2024/02/24 21:28:43 [DEBUG] VM 134(%!s(<nil>)) has no HA config
[90mSat, 24 Feb 2024 21:28:43 +0000[0m [33mDBG[0m [1mgithub.com/Telmate/terraform-provider-proxmox/proxmox/resource_vm_qemu.go:913[0m[36m >[0m Original disks: 'map[0:map[aio: backup:0 cache:none discard: file: format: iops:0 iops_max:0 iops_max_length:0 iops_rd:0 iops_rd_max:0 iops_rd_max_length:0 iops_wr:0 iops_wr_max:0 iops_wr_max_length:0 iothread:0 mbps:0 mbps_rd:0 mbps_rd_max:0 mbps_wr:0 mbps_wr_max:0 media: replicate:0 size:30G slot:0 ssd:0 storage:datadisk2 storage_type: type:virtio volume:]]', Clone Disks 'map[0:map[discard:ignore file:vm-134-disk-0 format:raw size:25G slot:0 storage:datadisk2 storage_type:lvm type:virtio volume:datadisk2:vm-134-disk-0]]' [36mloggerName=[0mresource_vm_create [36mvmid=[0m
2024/02/24 21:28:46 [DEBUG][GetJsonRetryable] Sleeping for 1 seconds before asking url /cluster/ha/resources/134
2024/02/24 21:28:47 [DEBUG][GetJsonRetryable] Sleeping for 2 seconds before asking url /cluster/ha/resources/134
2024/02/24 21:28:49 [DEBUG][GetJsonRetryable] Sleeping for 3 seconds before asking url /cluster/ha/resources/134
2024/02/24 21:28:52 [DEBUG] VM 134(%!s(<nil>)) has no HA config
[90mSat, 24 Feb 2024 21:28:52 +0000[0m [33mDBG[0m [1mgithub.com/Telmate/terraform-provider-proxmox/proxmox/resource_vm_qemu.go:1637[0m[36m >[0m Checking disk sizing. Original '25G', New '30G' [36mdiskId=[0m0 [36mloggerName=[0mprepareDiskSize
[90mSat, 24 Feb 2024 21:28:52 +0000[0m [33mDBG[0m [1mgithub.com/Telmate/terraform-provider-proxmox/proxmox/resource_vm_qemu.go:1639[0m[36m >[0m Resizing disk [36mdiskId=[0m0 [36mloggerName=[0mprepareDiskSize
[90mSat, 24 Feb 2024 21:28:55 +0000[0m [33mDBG[0m [1mgithub.com/Telmate/terraform-provider-proxmox/proxmox/resource_vm_qemu.go:1003[0m[36m >[0m Set this vm (resource Id) to 'system41/qemu/134' [36mloggerName=[0mresource_vm_create [36mvmid=[0m134
2024/02/24 21:28:55 [DEBUG][QemuVmCreate] starting VM
2024/02/24 21:29:01 [DEBUG][initConnInfo] trying to get vm ip address for provisioner
2024/02/24 21:29:01 [DEBUG][initConnInfo] retrying for at most  5m0s minutes before giving up
2024/02/24 21:29:01 [DEBUG][initConnInfo] retries will end at 2024-02-24 21:34:01.34770868 +0000 UTC m=+585.176671854
2024/02/24 21:29:04 [DEBUG][initConnInfo] check ip result error 500 QEMU guest agent is not running
2024/02/24 21:29:17 [DEBUG][initConnInfo] check ip result error 500 QEMU guest agent is not running
2024/02/24 21:29:27 [DEBUG][initConnInfo] found working QEMU Agent
2024/02/24 21:29:27 [DEBUG][initConnInfo] trying to find IP address of first network card
2024/02/24 21:29:27 [DEBUG][initConnInfo] checking network card...
2024/02/24 21:29:27 [DEBUG][initConnInfo] Found IP address: 192.168.172.97
2024/02/24 21:29:27 [DEBUG][initConnInfo] vm has a cloud-init configuration
2024/02/24 21:29:27 [DEBUG]  found an ip configuration
2024/02/24 21:29:27 [DEBUG][QemuVmCreate] vm creation done!
[90mSat, 24 Feb 2024 21:29:27 +0000[0m [32mINF[0m [1mgithub.com/Telmate/terraform-provider-proxmox/proxmox/resource_vm_qemu.go:1376[0m[36m >[0m Reading configuration for vmid [36mloggerName=[0mresource_vm_read [36mvmid=[0m134
2024/02/24 21:29:28 [DEBUG][GetJsonRetryable] Sleeping for 1 seconds before asking url /cluster/ha/resources/134
2024/02/24 21:29:29 [DEBUG][GetJsonRetryable] Sleeping for 2 seconds before asking url /cluster/ha/resources/134
2024/02/24 21:29:31 [DEBUG][GetJsonRetryable] Sleeping for 3 seconds before asking url /cluster/ha/resources/134
2024/02/24 21:29:34 [DEBUG] VM 134(%!s(<nil>)) has no HA config
2024/02/24 21:29:34 [DEBUG] VM status: running
[90mSat, 24 Feb 2024 21:29:34 +0000[0m [33mDBG[0m [1mgithub.com/Telmate/terraform-provider-proxmox/proxmox/resource_vm_qemu.go:1406[0m[36m >[0m [READ] Received Config from Proxmox API: {"vmid":0,"name":"team-01o-vm0.service.consul","desc":"Vault Server for spring 2024 team-01o online section","bios":"seabios","onboot":false,"tablet":true,"agent":1,"memory":4096,"balloon":0,"os":"l26","cores":1,"sockets":1,"vcpus":0,"cpu":"host","numa":false,"kvm":true,"hotplug":"network,disk,usb","iso":"none","pxe":false,"fullclone":null,"boot":"cdn","bootdisk":"virtio0","scsihw":"virtio-scsi-pci","disk":{"0":{"file":"vm-134-disk-0","format":"raw","size":"30G","slot":0,"storage":"datadisk2","storage_type":"lvm","type":"virtio","volume":"datadisk2:vm-134-disk-0"}},"unused_disk":{},"network":{"0":{"bridge":"vmbr0","id":0,"macaddr":"E6:3F:F1:A7:54:41","model":"virtio"},"1":{"bridge":"vmbr1","id":1,"macaddr":"46:6A:5F:14:45:15","model":"virtio"},"2":{"bridge":"vmbr2","id":2,"macaddr":"0E:8B:35:10:73:FA","model":"virtio"}},"tags":"","args":"","diskGB":0,"storage":"","storageType":"","nic":"","bridge":"","vlan":-1,"mac":"","ciuser":"","cipassword":"","cicustom":"","searchdomain":"","nameserver":"","sshkeys":"","ipconfig0":"ip=dhcp","ipconfig1":"ip=dhcp","ipconfig2":"ip=dhcp","ipconfig3":"","ipconfig4":"","ipconfig5":"","ipconfig6":"","ipconfig7":"","ipconfig8":"","ipconfig9":"","ipconfig10":"","ipconfig11":"","ipconfig12":"","ipconfig13":"","ipconfig14":"","ipconfig15":""} [36mloggerName=[0mresource_vm_read [36mvmid=[0m134
[90mSat, 24 Feb 2024 21:29:34 +0000[0m [33mDBG[0m [1mgithub.com/Telmate/terraform-provider-proxmox/proxmox/resource_vm_qemu.go:1499[0m[36m >[0m Unused Disk Block Processed 'map[0:map[bridge:vmbr0 id:0 macaddr:E6:3F:F1:A7:54:41 model:virtio] 1:map[bridge:vmbr1 id:1 macaddr:46:6A:5F:14:45:15 model:virtio] 2:map[bridge:vmbr2 id:2 macaddr:0E:8B:35:10:73:FA model:virtio]]' [36mloggerName=[0mresource_vm_read [36mvmid=[0m134
[90mSat, 24 Feb 2024 21:29:34 +0000[0m [33mDBG[0m [1mgithub.com/Telmate/terraform-provider-proxmox/proxmox/resource_vm_qemu.go:1513[0m[36m >[0m Network block received 'map[0:map[bridge:vmbr0 id:0 macaddr:E6:3F:F1:A7:54:41 model:virtio] 1:map[bridge:vmbr1 id:1 macaddr:46:6A:5F:14:45:15 model:virtio] 2:map[bridge:vmbr2 id:2 macaddr:0E:8B:35:10:73:FA model:virtio]]' [36mloggerName=[0mresource_vm_read [36mvmid=[0m134
[90mSat, 24 Feb 2024 21:29:34 +0000[0m [33mDBG[0m [1mgithub.com/Telmate/terraform-provider-proxmox/proxmox/resource_vm_qemu.go:1573[0m[36m >[0m VM Net Config 'map[0:map[bridge:vmbr0 id:0 macaddr:E6:3F:F1:A7:54:41 model:virtio tag:-1] 1:map[bridge:vmbr1 id:1 macaddr:46:6A:5F:14:45:15 model:virtio tag:-1] 2:map[bridge:vmbr2 id:2 macaddr:0E:8B:35:10:73:FA model:virtio tag:-1]]' from '[map[bridge:vmbr0 macaddr:E6:3F:F1:A7:54:41 model:virtio tag:-1] map[bridge:vmbr1 macaddr:46:6A:5F:14:45:15 model:virtio tag:-1] map[bridge:vmbr2 macaddr:0E:8B:35:10:73:FA model:virtio tag:-1]]' set as '[map[bridge:vmbr0 firewall:false link_down:false macaddr:E6:3F:F1:A7:54:41 model:virtio mtu:0 queues:0 rate:0 tag:-1] map[bridge:vmbr1 firewall:false link_down:false macaddr:46:6A:5F:14:45:15 model:virtio mtu:0 queues:0 rate:0 tag:-1] map[bridge:vmbr2 firewall:false link_down:false macaddr:0E:8B:35:10:73:FA model:virtio mtu:0 queues:0 rate:0 tag:-1]]' type of 'string' [36mloggerName=[0mresource_vm_read [36mvmid=[0m134
[90mSat, 24 Feb 2024 21:29:34 +0000[0m [33mDBG[0m [1mgithub.com/Telmate/terraform-provider-proxmox/proxmox/resource_vm_qemu.go:1575[0m[36m >[0m Finished VM read resulting in data: '{"additional_wait":0,"agent":1,"args":"","automatic_reboot":true,"balloon":0,"bios":"seabios","boot":"cdn","bootdisk":"virtio0","bridge":"","ci_wait":0,"cicustom":"","cipassword":"","ciuser":"","clone":"team01o-vault-server","clone_wait":0,"cloudinit_cdrom_storage":"","cores":1,"cpu":"host","default_ipv4_address":"192.168.172.97","define_connection_info":true,"desc":"Vault Server for spring 2024 team-01o online section","disk":[{"aio":"","backup":0,"cache":"none","discard":"","file":"vm-134-disk-0","format":"raw","iops":0,"iops_max":0,"iops_max_length":0,"iops_rd":0,"iops_rd_max":0,"iops_rd_max_length":0,"iops_wr":0,"iops_wr_max":0,"iops_wr_max_length":0,"iothread":0,"mbps":0,"mbps_rd":0,"mbps_rd_max":0,"mbps_wr":0,"mbps_wr_max":0,"media":"","replicate":0,"size":"30G","slot":0,"ssd":0,"storage":"datadisk2","storage_type":"lvm","type":"virtio","volume":"datadisk2:vm-134-disk-0"}],"disk_gb":0,"force_create":false,"force_recreate_on_change_of":"","full_clone":true,"guest_agent_ready_timeout":100,"hagroup":"","hastate":"","hotplug":"network,disk,usb","ipconfig0":"ip=dhcp","ipconfig1":"ip=dhcp","ipconfig2":"ip=dhcp","ipconfig3":"","ipconfig4":"","ipconfig5":"","iso":"","kvm":true,"mac":"","memory":4096,"name":"team-01o-vm0.service.consul","nameserver":"","network":[{"bridge":"vmbr0","firewall":false,"link_down":false,"macaddr":"E6:3F:F1:A7:54:41","model":"virtio","mtu":0,"queues":0,"rate":0,"tag":-1},{"bridge":"vmbr1","firewall":false,"link_down":false,"macaddr":"46:6A:5F:14:45:15","model":"virtio","mtu":0,"queues":0,"rate":0,"tag":-1},{"bridge":"vmbr2","firewall":false,"link_down":false,"macaddr":"0E:8B:35:10:73:FA","model":"virtio","mtu":0,"queues":0,"rate":0,"tag":-1}],"nic":"","numa":false,"onboot":false,"oncreate":true,"os_network_config":"","os_type":"cloud-init","pool":"","preprovision":true,"pxe":false,"qemu_os":"l26","reboot_required":false,"scsihw":"virtio-scsi-pci","searchdomain":"","serial":[],"sockets":1,"ssh_forward_ip":"","ssh_host":"192.168.172.97","ssh_port":"22","ssh_private_key":"","ssh_user":"","sshkeys":"","startup":"","storage":"","storage_type":"","tablet":true,"tags":"","target_node":"system41","unused_disk":[],"usb":[],"vcpus":0,"vga":[],"vlan":-1,"vmid":0}' [36mloggerName=[0mresource_vm_read [36mvmid=[0m134
[90mSun, 25 Feb 2024 05:54:28 +0000[0m [32mINF[0m [1mgithub.com/Telmate/terraform-provider-proxmox/proxmox/util.go:155[0m[36m >[0m Enabling the capture of log-library logs as ithe _capturelog flag was detected
[90mSun, 25 Feb 2024 05:54:28 +0000[0m [32mINF[0m [1mgithub.com/Telmate/terraform-provider-proxmox/proxmox/util.go:188[0m[36m >[0m Logging Started. Root Logger Set to level debug
[90mSun, 25 Feb 2024 05:54:28 +0000[0m [32mINF[0m [1mgithub.com/Telmate/terraform-provider-proxmox/proxmox/resource_vm_qemu.go:1376[0m[36m >[0m Reading configuration for vmid [36mloggerName=[0mresource_vm_read [36mvmid=[0m134
2024/02/25 05:54:28 [DEBUG][GetJsonRetryable] Sleeping for 1 seconds before asking url /cluster/ha/resources/134
2024/02/25 05:54:29 [DEBUG][GetJsonRetryable] Sleeping for 2 seconds before asking url /cluster/ha/resources/134
2024/02/25 05:54:31 [DEBUG][GetJsonRetryable] Sleeping for 3 seconds before asking url /cluster/ha/resources/134
2024/02/25 05:54:34 [DEBUG] VM 134(%!s(<nil>)) has no HA config
2024/02/25 05:54:34 [DEBUG] VM status: running
[90mSun, 25 Feb 2024 05:54:34 +0000[0m [33mDBG[0m [1mgithub.com/Telmate/terraform-provider-proxmox/proxmox/resource_vm_qemu.go:1406[0m[36m >[0m [READ] Received Config from Proxmox API: {"vmid":0,"name":"team-01o-vm0.service.consul","desc":"Vault Server for spring 2024 team-01o online section","bios":"seabios","onboot":false,"tablet":true,"agent":1,"memory":4096,"balloon":0,"os":"l26","cores":1,"sockets":1,"vcpus":0,"cpu":"host","numa":false,"kvm":true,"hotplug":"network,disk,usb","iso":"none","pxe":false,"fullclone":null,"boot":"cdn","bootdisk":"virtio0","scsihw":"virtio-scsi-pci","disk":{"0":{"file":"vm-134-disk-0","format":"raw","size":"30G","slot":0,"storage":"datadisk2","storage_type":"lvm","type":"virtio","volume":"datadisk2:vm-134-disk-0"}},"unused_disk":{},"network":{"0":{"bridge":"vmbr0","id":0,"macaddr":"E6:3F:F1:A7:54:41","model":"virtio"},"1":{"bridge":"vmbr1","id":1,"macaddr":"46:6A:5F:14:45:15","model":"virtio"},"2":{"bridge":"vmbr2","id":2,"macaddr":"0E:8B:35:10:73:FA","model":"virtio"}},"tags":"","args":"","diskGB":0,"storage":"","storageType":"","nic":"","bridge":"","vlan":-1,"mac":"","ciuser":"","cipassword":"","cicustom":"","searchdomain":"","nameserver":"","sshkeys":"","ipconfig0":"ip=dhcp","ipconfig1":"ip=dhcp","ipconfig2":"ip=dhcp","ipconfig3":"","ipconfig4":"","ipconfig5":"","ipconfig6":"","ipconfig7":"","ipconfig8":"","ipconfig9":"","ipconfig10":"","ipconfig11":"","ipconfig12":"","ipconfig13":"","ipconfig14":"","ipconfig15":""} [36mloggerName=[0mresource_vm_read [36mvmid=[0m134
[90mSun, 25 Feb 2024 05:54:34 +0000[0m [33mDBG[0m [1mgithub.com/Telmate/terraform-provider-proxmox/proxmox/resource_vm_qemu.go:1499[0m[36m >[0m Unused Disk Block Processed 'map[0:map[bridge:vmbr0 id:0 macaddr:E6:3F:F1:A7:54:41 model:virtio] 1:map[bridge:vmbr1 id:1 macaddr:46:6A:5F:14:45:15 model:virtio] 2:map[bridge:vmbr2 id:2 macaddr:0E:8B:35:10:73:FA model:virtio]]' [36mloggerName=[0mresource_vm_read [36mvmid=[0m134
[90mSun, 25 Feb 2024 05:54:34 +0000[0m [33mDBG[0m [1mgithub.com/Telmate/terraform-provider-proxmox/proxmox/resource_vm_qemu.go:1513[0m[36m >[0m Network block received 'map[0:map[bridge:vmbr0 id:0 macaddr:E6:3F:F1:A7:54:41 model:virtio] 1:map[bridge:vmbr1 id:1 macaddr:46:6A:5F:14:45:15 model:virtio] 2:map[bridge:vmbr2 id:2 macaddr:0E:8B:35:10:73:FA model:virtio]]' [36mloggerName=[0mresource_vm_read [36mvmid=[0m134
[90mSun, 25 Feb 2024 05:54:34 +0000[0m [33mDBG[0m [1mgithub.com/Telmate/terraform-provider-proxmox/proxmox/resource_vm_qemu.go:1573[0m[36m >[0m VM Net Config 'map[0:map[bridge:vmbr0 id:0 macaddr:E6:3F:F1:A7:54:41 model:virtio tag:-1] 1:map[bridge:vmbr1 id:1 macaddr:46:6A:5F:14:45:15 model:virtio tag:-1] 2:map[bridge:vmbr2 id:2 macaddr:0E:8B:35:10:73:FA model:virtio tag:-1]]' from '[map[bridge:vmbr0 macaddr:E6:3F:F1:A7:54:41 model:virtio tag:-1] map[bridge:vmbr1 macaddr:46:6A:5F:14:45:15 model:virtio tag:-1] map[bridge:vmbr2 macaddr:0E:8B:35:10:73:FA model:virtio tag:-1]]' set as '[map[bridge:vmbr0 firewall:false link_down:false macaddr:E6:3F:F1:A7:54:41 model:virtio mtu:0 queues:0 rate:0 tag:-1] map[bridge:vmbr1 firewall:false link_down:false macaddr:46:6A:5F:14:45:15 model:virtio mtu:0 queues:0 rate:0 tag:-1] map[bridge:vmbr2 firewall:false link_down:false macaddr:0E:8B:35:10:73:FA model:virtio mtu:0 queues:0 rate:0 tag:-1]]' type of 'string' [36mloggerName=[0mresource_vm_read [36mvmid=[0m134
[90mSun, 25 Feb 2024 05:54:34 +0000[0m [33mDBG[0m [1mgithub.com/Telmate/terraform-provider-proxmox/proxmox/resource_vm_qemu.go:1575[0m[36m >[0m Finished VM read resulting in data: '{"additional_wait":0,"agent":1,"args":"","automatic_reboot":true,"balloon":0,"bios":"seabios","boot":"cdn","bootdisk":"virtio0","bridge":"","ci_wait":0,"cicustom":"","cipassword":"","ciuser":"","clone":"team01o-vault-server","clone_wait":0,"cloudinit_cdrom_storage":"","cores":1,"cpu":"host","default_ipv4_address":"192.168.172.97","define_connection_info":true,"desc":"Vault Server for spring 2024 team-01o online section","disk":[{"aio":"","backup":0,"cache":"none","discard":"","file":"vm-134-disk-0","format":"raw","iops":0,"iops_max":0,"iops_max_length":0,"iops_rd":0,"iops_rd_max":0,"iops_rd_max_length":0,"iops_wr":0,"iops_wr_max":0,"iops_wr_max_length":0,"iothread":0,"mbps":0,"mbps_rd":0,"mbps_rd_max":0,"mbps_wr":0,"mbps_wr_max":0,"media":"","replicate":0,"size":"30G","slot":0,"ssd":0,"storage":"datadisk2","storage_type":"lvm","type":"virtio","volume":"datadisk2:vm-134-disk-0"}],"disk_gb":0,"force_create":false,"force_recreate_on_change_of":"","full_clone":true,"guest_agent_ready_timeout":100,"hagroup":"","hastate":"","hotplug":"network,disk,usb","ipconfig0":"ip=dhcp","ipconfig1":"ip=dhcp","ipconfig2":"ip=dhcp","ipconfig3":"","ipconfig4":"","ipconfig5":"","iso":"","kvm":true,"mac":"","memory":4096,"name":"team-01o-vm0.service.consul","nameserver":"","network":[{"bridge":"vmbr0","firewall":false,"link_down":false,"macaddr":"E6:3F:F1:A7:54:41","model":"virtio","mtu":0,"queues":0,"rate":0,"tag":-1},{"bridge":"vmbr1","firewall":false,"link_down":false,"macaddr":"46:6A:5F:14:45:15","model":"virtio","mtu":0,"queues":0,"rate":0,"tag":-1},{"bridge":"vmbr2","firewall":false,"link_down":false,"macaddr":"0E:8B:35:10:73:FA","model":"virtio","mtu":0,"queues":0,"rate":0,"tag":-1}],"nic":"","numa":false,"onboot":false,"oncreate":true,"os_network_config":"","os_type":"cloud-init","pool":"","preprovision":true,"pxe":false,"qemu_os":"l26","reboot_required":false,"scsihw":"virtio-scsi-pci","searchdomain":"","serial":[],"sockets":1,"ssh_forward_ip":"","ssh_host":"192.168.172.97","ssh_port":"22","ssh_private_key":"","ssh_user":"","sshkeys":"","startup":"","storage":"","storage_type":"","tablet":true,"tags":"","target_node":"system41","unused_disk":[],"usb":[],"vcpus":0,"vga":[],"vlan":-1,"vmid":0}' [36mloggerName=[0mresource_vm_read [36mvmid=[0m134
[90mSun, 25 Feb 2024 05:54:35 +0000[0m [32mINF[0m [1mgithub.com/Telmate/terraform-provider-proxmox/proxmox/util.go:155[0m[36m >[0m Enabling the capture of log-library logs as ithe _capturelog flag was detected
[90mSun, 25 Feb 2024 05:54:35 +0000[0m [32mINF[0m [1mgithub.com/Telmate/terraform-provider-proxmox/proxmox/util.go:188[0m[36m >[0m Logging Started. Root Logger Set to level debug
[90mSun, 25 Feb 2024 05:55:10 +0000[0m [32mINF[0m [1mgithub.com/Telmate/terraform-provider-proxmox/proxmox/util.go:155[0m[36m >[0m Enabling the capture of log-library logs as ithe _capturelog flag was detected
[90mSun, 25 Feb 2024 05:55:10 +0000[0m [32mINF[0m [1mgithub.com/Telmate/terraform-provider-proxmox/proxmox/util.go:188[0m[36m >[0m Logging Started. Root Logger Set to level debug
[90mSun, 25 Feb 2024 05:55:25 +0000[0m [32mINF[0m [1mgithub.com/Telmate/terraform-provider-proxmox/proxmox/util.go:155[0m[36m >[0m Enabling the capture of log-library logs as ithe _capturelog flag was detected
[90mSun, 25 Feb 2024 05:55:25 +0000[0m [32mINF[0m [1mgithub.com/Telmate/terraform-provider-proxmox/proxmox/util.go:188[0m[36m >[0m Logging Started. Root Logger Set to level debug
[90mSun, 25 Feb 2024 05:55:28 +0000[0m [32mINF[0m [1mgithub.com/Telmate/terraform-provider-proxmox/proxmox/util.go:155[0m[36m >[0m Enabling the capture of log-library logs as ithe _capturelog flag was detected
[90mSun, 25 Feb 2024 05:55:28 +0000[0m [32mINF[0m [1mgithub.com/Telmate/terraform-provider-proxmox/proxmox/util.go:188[0m[36m >[0m Logging Started. Root Logger Set to level debug
2024/02/25 05:55:28 [DEBUG] setting computed for "unused_disk" from ComputedKeys
[90mSun, 25 Feb 2024 05:55:28 +0000[0m [33mDBG[0m [1mgithub.com/Telmate/terraform-provider-proxmox/proxmox/resource_vm_qemu.go:774[0m[36m >[0m Invoking VM create with resource data:  '{"additional_wait":0,"agent":1,"args":"","automatic_reboot":true,"balloon":0,"bios":"seabios","boot":"cdn","bootdisk":"virtio0","bridge":"","ci_wait":0,"cicustom":"","cipassword":"","ciuser":"","clone":"team01o-vault-server","clone_wait":0,"cloudinit_cdrom_storage":"","cores":1,"cpu":"host","default_ipv4_address":"","define_connection_info":true,"desc":"Vault Server for spring 2024 team-01o online section","disk":[{"aio":"","backup":0,"cache":"none","discard":"","file":"","format":"","iops":0,"iops_max":0,"iops_max_length":0,"iops_rd":0,"iops_rd_max":0,"iops_rd_max_length":0,"iops_wr":0,"iops_wr_max":0,"iops_wr_max_length":0,"iothread":0,"mbps":0,"mbps_rd":0,"mbps_rd_max":0,"mbps_wr":0,"mbps_wr_max":0,"media":"","replicate":0,"size":"30G","slot":0,"ssd":0,"storage":"datadisk4","storage_type":"","type":"virtio","volume":""}],"disk_gb":0,"force_create":false,"force_recreate_on_change_of":"","full_clone":true,"guest_agent_ready_timeout":100,"hagroup":"","hastate":"","hotplug":"network,disk,usb","ipconfig0":"ip=dhcp","ipconfig1":"ip=dhcp","ipconfig2":"ip=dhcp","ipconfig3":"","ipconfig4":"","ipconfig5":"","iso":"","kvm":true,"mac":"","memory":4096,"name":"team-01o-vault-server-vm0.service.consul","nameserver":"","network":[{"bridge":"vmbr0","firewall":false,"link_down":false,"macaddr":"","model":"virtio","mtu":0,"queues":0,"rate":0,"tag":-1},{"bridge":"vmbr1","firewall":false,"link_down":false,"macaddr":"","model":"virtio","mtu":0,"queues":0,"rate":0,"tag":-1},{"bridge":"vmbr2","firewall":false,"link_down":false,"macaddr":"","model":"virtio","mtu":0,"queues":0,"rate":0,"tag":-1}],"nic":"","numa":false,"onboot":false,"oncreate":true,"os_network_config":"","os_type":"cloud-init","pool":"","preprovision":true,"pxe":false,"qemu_os":"","reboot_required":false,"scsihw":"virtio-scsi-pci","searchdomain":"","serial":[],"sockets":1,"ssh_forward_ip":"","ssh_host":"","ssh_port":"","ssh_private_key":"","ssh_user":"","sshkeys":"","startup":"","storage":"","storage_type":"","tablet":true,"tags":"","target_node":"system41","unused_disk":[],"usb":[],"vcpus":0,"vga":[],"vlan":-1,"vmid":0}' [36mloggerName=[0mresource_vm_create [36mvmid=[0m
2024/02/25 05:55:28 [DEBUG][QemuVmCreate] checking for duplicate name: team-01o-vault-server-vm0.service.consul
2024/02/25 05:55:28 [DEBUG][QemuVmCreate] cloning VM
2024/02/25 06:02:03 [DEBUG][GetJsonRetryable] Sleeping for 1 seconds before asking url /cluster/ha/resources/134
2024/02/25 06:02:04 [DEBUG][GetJsonRetryable] Sleeping for 2 seconds before asking url /cluster/ha/resources/134
2024/02/25 06:02:06 [DEBUG][GetJsonRetryable] Sleeping for 3 seconds before asking url /cluster/ha/resources/134
2024/02/25 06:02:09 [DEBUG] VM 134(%!s(<nil>)) has no HA config
[90mSun, 25 Feb 2024 06:02:09 +0000[0m [33mDBG[0m [1mgithub.com/Telmate/terraform-provider-proxmox/proxmox/resource_vm_qemu.go:913[0m[36m >[0m Original disks: 'map[0:map[aio: backup:0 cache:none discard: file: format: iops:0 iops_max:0 iops_max_length:0 iops_rd:0 iops_rd_max:0 iops_rd_max_length:0 iops_wr:0 iops_wr_max:0 iops_wr_max_length:0 iothread:0 mbps:0 mbps_rd:0 mbps_rd_max:0 mbps_wr:0 mbps_wr_max:0 media: replicate:0 size:30G slot:0 ssd:0 storage:datadisk4 storage_type: type:virtio volume:]]', Clone Disks 'map[0:map[discard:ignore file:vm-134-disk-0 format:raw size:25G slot:0 storage:datadisk4 storage_type:lvm type:virtio volume:datadisk4:vm-134-disk-0]]' [36mloggerName=[0mresource_vm_create [36mvmid=[0m
2024/02/25 06:02:12 [DEBUG][GetJsonRetryable] Sleeping for 1 seconds before asking url /cluster/ha/resources/134
2024/02/25 06:02:13 [DEBUG][GetJsonRetryable] Sleeping for 2 seconds before asking url /cluster/ha/resources/134
2024/02/25 06:02:15 [DEBUG][GetJsonRetryable] Sleeping for 3 seconds before asking url /cluster/ha/resources/134
2024/02/25 06:02:18 [DEBUG] VM 134(%!s(<nil>)) has no HA config
[90mSun, 25 Feb 2024 06:02:18 +0000[0m [33mDBG[0m [1mgithub.com/Telmate/terraform-provider-proxmox/proxmox/resource_vm_qemu.go:1637[0m[36m >[0m Checking disk sizing. Original '25G', New '30G' [36mdiskId=[0m0 [36mloggerName=[0mprepareDiskSize
[90mSun, 25 Feb 2024 06:02:18 +0000[0m [33mDBG[0m [1mgithub.com/Telmate/terraform-provider-proxmox/proxmox/resource_vm_qemu.go:1639[0m[36m >[0m Resizing disk [36mdiskId=[0m0 [36mloggerName=[0mprepareDiskSize
[90mSun, 25 Feb 2024 06:02:21 +0000[0m [33mDBG[0m [1mgithub.com/Telmate/terraform-provider-proxmox/proxmox/resource_vm_qemu.go:1003[0m[36m >[0m Set this vm (resource Id) to 'system41/qemu/134' [36mloggerName=[0mresource_vm_create [36mvmid=[0m134
2024/02/25 06:02:21 [DEBUG][QemuVmCreate] starting VM
2024/02/25 06:02:27 [DEBUG][initConnInfo] trying to get vm ip address for provisioner
2024/02/25 06:02:27 [DEBUG][initConnInfo] retrying for at most  5m0s minutes before giving up
2024/02/25 06:02:27 [DEBUG][initConnInfo] retries will end at 2024-02-25 06:07:27.353328108 +0000 UTC m=+719.443085904
2024/02/25 06:02:30 [DEBUG][initConnInfo] check ip result error 500 QEMU guest agent is not running
2024/02/25 06:02:43 [DEBUG][initConnInfo] check ip result error 500 QEMU guest agent is not running
2024/02/25 06:02:53 [DEBUG][initConnInfo] found working QEMU Agent
2024/02/25 06:02:53 [DEBUG][initConnInfo] trying to find IP address of first network card
2024/02/25 06:02:53 [DEBUG][initConnInfo] checking network card...
2024/02/25 06:03:03 [DEBUG][initConnInfo] checking network card...
2024/02/25 06:03:14 [DEBUG][initConnInfo] checking network card...
2024/02/25 06:03:24 [DEBUG][initConnInfo] checking network card...
2024/02/25 06:03:34 [DEBUG][initConnInfo] checking network card...
2024/02/25 06:03:44 [DEBUG][initConnInfo] checking network card...
2024/02/25 06:03:54 [DEBUG][initConnInfo] checking network card...
2024/02/25 06:04:05 [DEBUG][initConnInfo] checking network card...
2024/02/25 06:04:15 [DEBUG][initConnInfo] checking network card...
2024/02/25 06:04:25 [DEBUG][initConnInfo] checking network card...
2024/02/25 06:04:35 [DEBUG][initConnInfo] checking network card...
2024/02/25 06:04:46 [DEBUG][initConnInfo] checking network card...
2024/02/25 06:04:56 [DEBUG][initConnInfo] checking network card...
2024/02/25 06:05:06 [DEBUG][initConnInfo] checking network card...
2024/02/25 06:05:16 [DEBUG][initConnInfo] checking network card...
2024/02/25 06:05:26 [DEBUG][initConnInfo] checking network card...
2024/02/25 06:05:37 [DEBUG][initConnInfo] checking network card...
2024/02/25 06:05:47 [DEBUG][initConnInfo] checking network card...
2024/02/25 06:05:57 [DEBUG][initConnInfo] checking network card...
2024/02/25 06:06:07 [DEBUG][initConnInfo] checking network card...
2024/02/25 06:06:17 [DEBUG][initConnInfo] checking network card...
2024/02/25 06:06:27 [DEBUG][initConnInfo] checking network card...
2024/02/25 06:06:38 [DEBUG][initConnInfo] checking network card...
2024/02/25 06:06:48 [DEBUG][initConnInfo] checking network card...
2024/02/25 06:06:58 [DEBUG][initConnInfo] checking network card...
2024/02/25 06:07:08 [DEBUG][initConnInfo] checking network card...
2024/02/25 06:07:18 [DEBUG][initConnInfo] checking network card...
2024/02/25 06:07:29 [DEBUG][initConnInfo] vm has a cloud-init configuration
2024/02/25 06:07:29 [DEBUG][initConnInfo] not found an ip configuration yet
2024/02/25 06:07:29 [DEBUG]  found an ip configuration
[90mSun, 25 Feb 2024 06:14:48 +0000[0m [32mINF[0m [1mgithub.com/Telmate/terraform-provider-proxmox/proxmox/util.go:155[0m[36m >[0m Enabling the capture of log-library logs as ithe _capturelog flag was detected
[90mSun, 25 Feb 2024 06:14:48 +0000[0m [32mINF[0m [1mgithub.com/Telmate/terraform-provider-proxmox/proxmox/util.go:188[0m[36m >[0m Logging Started. Root Logger Set to level debug
[90mSun, 25 Feb 2024 06:14:48 +0000[0m [32mINF[0m [1mgithub.com/Telmate/terraform-provider-proxmox/proxmox/resource_vm_qemu.go:1376[0m[36m >[0m Reading configuration for vmid [36mloggerName=[0mresource_vm_read [36mvmid=[0m134
2024/02/25 06:14:48 [DEBUG][GetJsonRetryable] Sleeping for 1 seconds before asking url /cluster/ha/resources/134
2024/02/25 06:14:49 [DEBUG][GetJsonRetryable] Sleeping for 2 seconds before asking url /cluster/ha/resources/134
2024/02/25 06:14:51 [DEBUG][GetJsonRetryable] Sleeping for 3 seconds before asking url /cluster/ha/resources/134
2024/02/25 06:14:54 [DEBUG] VM 134(%!s(<nil>)) has no HA config
2024/02/25 06:14:54 [DEBUG] VM status: running
[90mSun, 25 Feb 2024 06:14:54 +0000[0m [33mDBG[0m [1mgithub.com/Telmate/terraform-provider-proxmox/proxmox/resource_vm_qemu.go:1406[0m[36m >[0m [READ] Received Config from Proxmox API: {"vmid":0,"name":"team-01o-vault-server-vm0.service.consul","desc":"Vault Server for spring 2024 team-01o online section","bios":"seabios","onboot":false,"tablet":true,"agent":1,"memory":4096,"balloon":0,"os":"l26","cores":1,"sockets":1,"vcpus":0,"cpu":"host","numa":false,"kvm":true,"hotplug":"network,disk,usb","iso":"none","pxe":false,"fullclone":null,"boot":"cdn","bootdisk":"virtio0","scsihw":"virtio-scsi-pci","disk":{"0":{"file":"vm-134-disk-0","format":"raw","size":"30G","slot":0,"storage":"datadisk4","storage_type":"lvm","type":"virtio","volume":"datadisk4:vm-134-disk-0"}},"unused_disk":{},"network":{"0":{"bridge":"vmbr0","id":0,"macaddr":"5A:93:AB:D5:17:CE","model":"virtio"},"1":{"bridge":"vmbr1","id":1,"macaddr":"7A:38:87:C1:DB:01","model":"virtio"},"2":{"bridge":"vmbr2","id":2,"macaddr":"0E:F4:D0:84:2F:9A","model":"virtio"}},"tags":"","args":"","diskGB":0,"storage":"","storageType":"","nic":"","bridge":"","vlan":-1,"mac":"","ciuser":"","cipassword":"","cicustom":"","searchdomain":"","nameserver":"","sshkeys":"","ipconfig0":"ip=dhcp","ipconfig1":"ip=dhcp","ipconfig2":"ip=dhcp","ipconfig3":"","ipconfig4":"","ipconfig5":"","ipconfig6":"","ipconfig7":"","ipconfig8":"","ipconfig9":"","ipconfig10":"","ipconfig11":"","ipconfig12":"","ipconfig13":"","ipconfig14":"","ipconfig15":""} [36mloggerName=[0mresource_vm_read [36mvmid=[0m134
[90mSun, 25 Feb 2024 06:14:54 +0000[0m [33mDBG[0m [1mgithub.com/Telmate/terraform-provider-proxmox/proxmox/resource_vm_qemu.go:1499[0m[36m >[0m Unused Disk Block Processed 'map[0:map[bridge:vmbr0 id:0 macaddr:5A:93:AB:D5:17:CE model:virtio] 1:map[bridge:vmbr1 id:1 macaddr:7A:38:87:C1:DB:01 model:virtio] 2:map[bridge:vmbr2 id:2 macaddr:0E:F4:D0:84:2F:9A model:virtio]]' [36mloggerName=[0mresource_vm_read [36mvmid=[0m134
[90mSun, 25 Feb 2024 06:14:54 +0000[0m [33mDBG[0m [1mgithub.com/Telmate/terraform-provider-proxmox/proxmox/resource_vm_qemu.go:1513[0m[36m >[0m Network block received 'map[0:map[bridge:vmbr0 id:0 macaddr:5A:93:AB:D5:17:CE model:virtio] 1:map[bridge:vmbr1 id:1 macaddr:7A:38:87:C1:DB:01 model:virtio] 2:map[bridge:vmbr2 id:2 macaddr:0E:F4:D0:84:2F:9A model:virtio]]' [36mloggerName=[0mresource_vm_read [36mvmid=[0m134
[90mSun, 25 Feb 2024 06:14:54 +0000[0m [33mDBG[0m [1mgithub.com/Telmate/terraform-provider-proxmox/proxmox/resource_vm_qemu.go:1573[0m[36m >[0m VM Net Config 'map[0:map[bridge:vmbr0 id:0 macaddr:5A:93:AB:D5:17:CE model:virtio tag:-1] 1:map[bridge:vmbr1 id:1 macaddr:7A:38:87:C1:DB:01 model:virtio tag:-1] 2:map[bridge:vmbr2 id:2 macaddr:0E:F4:D0:84:2F:9A model:virtio tag:-1]]' from '[map[bridge:vmbr0 macaddr:5A:93:AB:D5:17:CE model:virtio tag:-1] map[bridge:vmbr1 macaddr:7A:38:87:C1:DB:01 model:virtio tag:-1] map[bridge:vmbr2 macaddr:0E:F4:D0:84:2F:9A model:virtio tag:-1]]' set as '[map[bridge:vmbr0 firewall:false link_down:false macaddr:5A:93:AB:D5:17:CE model:virtio mtu:0 queues:0 rate:0 tag:-1] map[bridge:vmbr1 firewall:false link_down:false macaddr:7A:38:87:C1:DB:01 model:virtio mtu:0 queues:0 rate:0 tag:-1] map[bridge:vmbr2 firewall:false link_down:false macaddr:0E:F4:D0:84:2F:9A model:virtio mtu:0 queues:0 rate:0 tag:-1]]' type of 'string' [36mloggerName=[0mresource_vm_read [36mvmid=[0m134
[90mSun, 25 Feb 2024 06:14:54 +0000[0m [33mDBG[0m [1mgithub.com/Telmate/terraform-provider-proxmox/proxmox/resource_vm_qemu.go:1575[0m[36m >[0m Finished VM read resulting in data: '{"additional_wait":0,"agent":1,"args":"","automatic_reboot":true,"balloon":0,"bios":"seabios","boot":"cdn","bootdisk":"virtio0","bridge":"","ci_wait":0,"cicustom":"","cipassword":"","ciuser":"","clone":"team01o-vault-server","clone_wait":0,"cloudinit_cdrom_storage":"","cores":1,"cpu":"host","default_ipv4_address":"","define_connection_info":true,"desc":"Vault Server for spring 2024 team-01o online section","disk":[{"aio":"","backup":0,"cache":"none","discard":"","file":"vm-134-disk-0","format":"raw","iops":0,"iops_max":0,"iops_max_length":0,"iops_rd":0,"iops_rd_max":0,"iops_rd_max_length":0,"iops_wr":0,"iops_wr_max":0,"iops_wr_max_length":0,"iothread":0,"mbps":0,"mbps_rd":0,"mbps_rd_max":0,"mbps_wr":0,"mbps_wr_max":0,"media":"","replicate":0,"size":"30G","slot":0,"ssd":0,"storage":"datadisk4","storage_type":"lvm","type":"virtio","volume":"datadisk4:vm-134-disk-0"}],"disk_gb":0,"force_create":false,"force_recreate_on_change_of":"","full_clone":true,"guest_agent_ready_timeout":100,"hagroup":"","hastate":"","hotplug":"network,disk,usb","ipconfig0":"ip=dhcp","ipconfig1":"ip=dhcp","ipconfig2":"ip=dhcp","ipconfig3":"","ipconfig4":"","ipconfig5":"","iso":"","kvm":true,"mac":"","memory":4096,"name":"team-01o-vault-server-vm0.service.consul","nameserver":"","network":[{"bridge":"vmbr0","firewall":false,"link_down":false,"macaddr":"5A:93:AB:D5:17:CE","model":"virtio","mtu":0,"queues":0,"rate":0,"tag":-1},{"bridge":"vmbr1","firewall":false,"link_down":false,"macaddr":"7A:38:87:C1:DB:01","model":"virtio","mtu":0,"queues":0,"rate":0,"tag":-1},{"bridge":"vmbr2","firewall":false,"link_down":false,"macaddr":"0E:F4:D0:84:2F:9A","model":"virtio","mtu":0,"queues":0,"rate":0,"tag":-1}],"nic":"","numa":false,"onboot":false,"oncreate":true,"os_network_config":"","os_type":"cloud-init","pool":"","preprovision":true,"pxe":false,"qemu_os":"l26","reboot_required":false,"scsihw":"virtio-scsi-pci","searchdomain":"","serial":[],"sockets":1,"ssh_forward_ip":"","ssh_host":"","ssh_port":"","ssh_private_key":"","ssh_user":"","sshkeys":"","startup":"","storage":"","storage_type":"","tablet":true,"tags":"","target_node":"system41","unused_disk":[],"usb":[],"vcpus":0,"vga":[],"vlan":-1,"vmid":0}' [36mloggerName=[0mresource_vm_read [36mvmid=[0m134
[90mSun, 25 Feb 2024 06:14:55 +0000[0m [32mINF[0m [1mgithub.com/Telmate/terraform-provider-proxmox/proxmox/util.go:155[0m[36m >[0m Enabling the capture of log-library logs as ithe _capturelog flag was detected
[90mSun, 25 Feb 2024 06:14:55 +0000[0m [32mINF[0m [1mgithub.com/Telmate/terraform-provider-proxmox/proxmox/util.go:188[0m[36m >[0m Logging Started. Root Logger Set to level debug
[90mSun, 25 Feb 2024 06:15:13 +0000[0m [32mINF[0m [1mgithub.com/Telmate/terraform-provider-proxmox/proxmox/util.go:155[0m[36m >[0m Enabling the capture of log-library logs as ithe _capturelog flag was detected
[90mSun, 25 Feb 2024 06:15:13 +0000[0m [32mINF[0m [1mgithub.com/Telmate/terraform-provider-proxmox/proxmox/util.go:188[0m[36m >[0m Logging Started. Root Logger Set to level debug
[90mSun, 25 Feb 2024 06:16:02 +0000[0m [32mINF[0m [1mgithub.com/Telmate/terraform-provider-proxmox/proxmox/util.go:155[0m[36m >[0m Enabling the capture of log-library logs as ithe _capturelog flag was detected
[90mSun, 25 Feb 2024 06:16:02 +0000[0m [32mINF[0m [1mgithub.com/Telmate/terraform-provider-proxmox/proxmox/util.go:188[0m[36m >[0m Logging Started. Root Logger Set to level debug
[90mSun, 25 Feb 2024 06:16:07 +0000[0m [32mINF[0m [1mgithub.com/Telmate/terraform-provider-proxmox/proxmox/util.go:155[0m[36m >[0m Enabling the capture of log-library logs as ithe _capturelog flag was detected
[90mSun, 25 Feb 2024 06:16:07 +0000[0m [32mINF[0m [1mgithub.com/Telmate/terraform-provider-proxmox/proxmox/util.go:188[0m[36m >[0m Logging Started. Root Logger Set to level debug
2024/02/25 06:16:07 [DEBUG] setting computed for "unused_disk" from ComputedKeys
[90mSun, 25 Feb 2024 06:16:07 +0000[0m [33mDBG[0m [1mgithub.com/Telmate/terraform-provider-proxmox/proxmox/resource_vm_qemu.go:774[0m[36m >[0m Invoking VM create with resource data:  '{"additional_wait":0,"agent":1,"args":"","automatic_reboot":true,"balloon":0,"bios":"seabios","boot":"cdn","bootdisk":"virtio0","bridge":"","ci_wait":0,"cicustom":"","cipassword":"","ciuser":"","clone":"team01o-vault-server","clone_wait":0,"cloudinit_cdrom_storage":"","cores":1,"cpu":"host","default_ipv4_address":"","define_connection_info":true,"desc":"Vault Server for spring 2024 team-01o online section","disk":[{"aio":"","backup":0,"cache":"none","discard":"","file":"","format":"","iops":0,"iops_max":0,"iops_max_length":0,"iops_rd":0,"iops_rd_max":0,"iops_rd_max_length":0,"iops_wr":0,"iops_wr_max":0,"iops_wr_max_length":0,"iothread":0,"mbps":0,"mbps_rd":0,"mbps_rd_max":0,"mbps_wr":0,"mbps_wr_max":0,"media":"","replicate":0,"size":"30G","slot":0,"ssd":0,"storage":"datadisk1","storage_type":"","type":"virtio","volume":""}],"disk_gb":0,"force_create":false,"force_recreate_on_change_of":"","full_clone":true,"guest_agent_ready_timeout":100,"hagroup":"","hastate":"","hotplug":"network,disk,usb","ipconfig0":"ip=dhcp","ipconfig1":"ip=dhcp","ipconfig2":"ip=dhcp","ipconfig3":"","ipconfig4":"","ipconfig5":"","iso":"","kvm":true,"mac":"","memory":4096,"name":"team-01o-vault-server-vm0.service.consul","nameserver":"","network":[{"bridge":"vmbr0","firewall":false,"link_down":false,"macaddr":"","model":"virtio","mtu":0,"queues":0,"rate":0,"tag":-1},{"bridge":"vmbr1","firewall":false,"link_down":false,"macaddr":"","model":"virtio","mtu":0,"queues":0,"rate":0,"tag":-1},{"bridge":"vmbr2","firewall":false,"link_down":false,"macaddr":"","model":"virtio","mtu":0,"queues":0,"rate":0,"tag":-1}],"nic":"","numa":false,"onboot":false,"oncreate":true,"os_network_config":"","os_type":"cloud-init","pool":"","preprovision":true,"pxe":false,"qemu_os":"","reboot_required":false,"scsihw":"virtio-scsi-pci","searchdomain":"","serial":[],"sockets":1,"ssh_forward_ip":"","ssh_host":"","ssh_port":"","ssh_private_key":"","ssh_user":"","sshkeys":"","startup":"","storage":"","storage_type":"","tablet":true,"tags":"","target_node":"system41","unused_disk":[],"usb":[],"vcpus":0,"vga":[],"vlan":-1,"vmid":0}' [36mloggerName=[0mresource_vm_create [36mvmid=[0m
2024/02/25 06:16:07 [DEBUG][QemuVmCreate] checking for duplicate name: team-01o-vault-server-vm0.service.consul
2024/02/25 06:16:07 [DEBUG][QemuVmCreate] cloning VM
2024/02/25 06:22:12 [DEBUG][GetJsonRetryable] Sleeping for 1 seconds before asking url /cluster/ha/resources/134
2024/02/25 06:22:13 [DEBUG][GetJsonRetryable] Sleeping for 2 seconds before asking url /cluster/ha/resources/134
2024/02/25 06:22:15 [DEBUG][GetJsonRetryable] Sleeping for 3 seconds before asking url /cluster/ha/resources/134
2024/02/25 06:22:18 [DEBUG] VM 134(%!s(<nil>)) has no HA config
[90mSun, 25 Feb 2024 06:22:18 +0000[0m [33mDBG[0m [1mgithub.com/Telmate/terraform-provider-proxmox/proxmox/resource_vm_qemu.go:913[0m[36m >[0m Original disks: 'map[0:map[aio: backup:0 cache:none discard: file: format: iops:0 iops_max:0 iops_max_length:0 iops_rd:0 iops_rd_max:0 iops_rd_max_length:0 iops_wr:0 iops_wr_max:0 iops_wr_max_length:0 iothread:0 mbps:0 mbps_rd:0 mbps_rd_max:0 mbps_wr:0 mbps_wr_max:0 media: replicate:0 size:30G slot:0 ssd:0 storage:datadisk1 storage_type: type:virtio volume:]]', Clone Disks 'map[0:map[discard:ignore file:vm-134-disk-0 format:raw size:25G slot:0 storage:datadisk1 storage_type:lvm type:virtio volume:datadisk1:vm-134-disk-0]]' [36mloggerName=[0mresource_vm_create [36mvmid=[0m
2024/02/25 06:22:21 [DEBUG][GetJsonRetryable] Sleeping for 1 seconds before asking url /cluster/ha/resources/134
2024/02/25 06:22:22 [DEBUG][GetJsonRetryable] Sleeping for 2 seconds before asking url /cluster/ha/resources/134
2024/02/25 06:22:24 [DEBUG][GetJsonRetryable] Sleeping for 3 seconds before asking url /cluster/ha/resources/134
2024/02/25 06:22:27 [DEBUG] VM 134(%!s(<nil>)) has no HA config
[90mSun, 25 Feb 2024 06:22:27 +0000[0m [33mDBG[0m [1mgithub.com/Telmate/terraform-provider-proxmox/proxmox/resource_vm_qemu.go:1637[0m[36m >[0m Checking disk sizing. Original '25G', New '30G' [36mdiskId=[0m0 [36mloggerName=[0mprepareDiskSize
[90mSun, 25 Feb 2024 06:22:27 +0000[0m [33mDBG[0m [1mgithub.com/Telmate/terraform-provider-proxmox/proxmox/resource_vm_qemu.go:1639[0m[36m >[0m Resizing disk [36mdiskId=[0m0 [36mloggerName=[0mprepareDiskSize
[90mSun, 25 Feb 2024 06:22:29 +0000[0m [33mDBG[0m [1mgithub.com/Telmate/terraform-provider-proxmox/proxmox/resource_vm_qemu.go:1003[0m[36m >[0m Set this vm (resource Id) to 'system41/qemu/134' [36mloggerName=[0mresource_vm_create [36mvmid=[0m134
2024/02/25 06:22:29 [DEBUG][QemuVmCreate] starting VM
2024/02/25 06:22:35 [DEBUG][initConnInfo] trying to get vm ip address for provisioner
2024/02/25 06:22:35 [DEBUG][initConnInfo] retrying for at most  5m0s minutes before giving up
2024/02/25 06:22:35 [DEBUG][initConnInfo] retries will end at 2024-02-25 06:27:35.618552703 +0000 UTC m=+687.949129693
2024/02/25 06:22:38 [DEBUG][initConnInfo] check ip result error 500 QEMU guest agent is not running
2024/02/25 06:22:51 [DEBUG][initConnInfo] check ip result error 500 QEMU guest agent is not running
2024/02/25 06:23:01 [DEBUG][initConnInfo] found working QEMU Agent
2024/02/25 06:23:01 [DEBUG][initConnInfo] trying to find IP address of first network card
2024/02/25 06:23:01 [DEBUG][initConnInfo] checking network card...
2024/02/25 06:23:02 [DEBUG][initConnInfo] Found IP address: 192.168.172.94
2024/02/25 06:23:02 [DEBUG][initConnInfo] vm has a cloud-init configuration
2024/02/25 06:23:02 [DEBUG]  found an ip configuration
2024/02/25 06:23:02 [DEBUG][QemuVmCreate] vm creation done!
[90mSun, 25 Feb 2024 06:23:02 +0000[0m [32mINF[0m [1mgithub.com/Telmate/terraform-provider-proxmox/proxmox/resource_vm_qemu.go:1376[0m[36m >[0m Reading configuration for vmid [36mloggerName=[0mresource_vm_read [36mvmid=[0m134
2024/02/25 06:23:02 [DEBUG][GetJsonRetryable] Sleeping for 1 seconds before asking url /cluster/ha/resources/134
2024/02/25 06:23:03 [DEBUG][GetJsonRetryable] Sleeping for 2 seconds before asking url /cluster/ha/resources/134
2024/02/25 06:23:05 [DEBUG][GetJsonRetryable] Sleeping for 3 seconds before asking url /cluster/ha/resources/134
2024/02/25 06:23:08 [DEBUG] VM 134(%!s(<nil>)) has no HA config
2024/02/25 06:23:08 [DEBUG] VM status: running
[90mSun, 25 Feb 2024 06:23:08 +0000[0m [33mDBG[0m [1mgithub.com/Telmate/terraform-provider-proxmox/proxmox/resource_vm_qemu.go:1406[0m[36m >[0m [READ] Received Config from Proxmox API: {"vmid":0,"name":"team-01o-vault-server-vm0.service.consul","desc":"Vault Server for spring 2024 team-01o online section","bios":"seabios","onboot":false,"tablet":true,"agent":1,"memory":4096,"balloon":0,"os":"l26","cores":1,"sockets":1,"vcpus":0,"cpu":"host","numa":false,"kvm":true,"hotplug":"network,disk,usb","iso":"none","pxe":false,"fullclone":null,"boot":"cdn","bootdisk":"virtio0","scsihw":"virtio-scsi-pci","disk":{"0":{"file":"vm-134-disk-0","format":"raw","size":"30G","slot":0,"storage":"datadisk1","storage_type":"lvm","type":"virtio","volume":"datadisk1:vm-134-disk-0"}},"unused_disk":{},"network":{"0":{"bridge":"vmbr0","id":0,"macaddr":"D2:AB:88:A4:DA:C6","model":"virtio"},"1":{"bridge":"vmbr1","id":1,"macaddr":"F6:75:F4:4F:5B:2C","model":"virtio"},"2":{"bridge":"vmbr2","id":2,"macaddr":"26:EE:ED:92:E9:85","model":"virtio"}},"tags":"","args":"","diskGB":0,"storage":"","storageType":"","nic":"","bridge":"","vlan":-1,"mac":"","ciuser":"","cipassword":"","cicustom":"","searchdomain":"","nameserver":"","sshkeys":"","ipconfig0":"ip=dhcp","ipconfig1":"ip=dhcp","ipconfig2":"ip=dhcp","ipconfig3":"","ipconfig4":"","ipconfig5":"","ipconfig6":"","ipconfig7":"","ipconfig8":"","ipconfig9":"","ipconfig10":"","ipconfig11":"","ipconfig12":"","ipconfig13":"","ipconfig14":"","ipconfig15":""} [36mloggerName=[0mresource_vm_read [36mvmid=[0m134
[90mSun, 25 Feb 2024 06:23:08 +0000[0m [33mDBG[0m [1mgithub.com/Telmate/terraform-provider-proxmox/proxmox/resource_vm_qemu.go:1499[0m[36m >[0m Unused Disk Block Processed 'map[0:map[bridge:vmbr0 id:0 macaddr:D2:AB:88:A4:DA:C6 model:virtio] 1:map[bridge:vmbr1 id:1 macaddr:F6:75:F4:4F:5B:2C model:virtio] 2:map[bridge:vmbr2 id:2 macaddr:26:EE:ED:92:E9:85 model:virtio]]' [36mloggerName=[0mresource_vm_read [36mvmid=[0m134
[90mSun, 25 Feb 2024 06:23:08 +0000[0m [33mDBG[0m [1mgithub.com/Telmate/terraform-provider-proxmox/proxmox/resource_vm_qemu.go:1513[0m[36m >[0m Network block received 'map[0:map[bridge:vmbr0 id:0 macaddr:D2:AB:88:A4:DA:C6 model:virtio] 1:map[bridge:vmbr1 id:1 macaddr:F6:75:F4:4F:5B:2C model:virtio] 2:map[bridge:vmbr2 id:2 macaddr:26:EE:ED:92:E9:85 model:virtio]]' [36mloggerName=[0mresource_vm_read [36mvmid=[0m134
[90mSun, 25 Feb 2024 06:23:08 +0000[0m [33mDBG[0m [1mgithub.com/Telmate/terraform-provider-proxmox/proxmox/resource_vm_qemu.go:1573[0m[36m >[0m VM Net Config 'map[0:map[bridge:vmbr0 id:0 macaddr:D2:AB:88:A4:DA:C6 model:virtio tag:-1] 1:map[bridge:vmbr1 id:1 macaddr:F6:75:F4:4F:5B:2C model:virtio tag:-1] 2:map[bridge:vmbr2 id:2 macaddr:26:EE:ED:92:E9:85 model:virtio tag:-1]]' from '[map[bridge:vmbr0 macaddr:D2:AB:88:A4:DA:C6 model:virtio tag:-1] map[bridge:vmbr1 macaddr:F6:75:F4:4F:5B:2C model:virtio tag:-1] map[bridge:vmbr2 macaddr:26:EE:ED:92:E9:85 model:virtio tag:-1]]' set as '[map[bridge:vmbr0 firewall:false link_down:false macaddr:D2:AB:88:A4:DA:C6 model:virtio mtu:0 queues:0 rate:0 tag:-1] map[bridge:vmbr1 firewall:false link_down:false macaddr:F6:75:F4:4F:5B:2C model:virtio mtu:0 queues:0 rate:0 tag:-1] map[bridge:vmbr2 firewall:false link_down:false macaddr:26:EE:ED:92:E9:85 model:virtio mtu:0 queues:0 rate:0 tag:-1]]' type of 'string' [36mloggerName=[0mresource_vm_read [36mvmid=[0m134
[90mSun, 25 Feb 2024 06:23:08 +0000[0m [33mDBG[0m [1mgithub.com/Telmate/terraform-provider-proxmox/proxmox/resource_vm_qemu.go:1575[0m[36m >[0m Finished VM read resulting in data: '{"additional_wait":0,"agent":1,"args":"","automatic_reboot":true,"balloon":0,"bios":"seabios","boot":"cdn","bootdisk":"virtio0","bridge":"","ci_wait":0,"cicustom":"","cipassword":"","ciuser":"","clone":"team01o-vault-server","clone_wait":0,"cloudinit_cdrom_storage":"","cores":1,"cpu":"host","default_ipv4_address":"192.168.172.94","define_connection_info":true,"desc":"Vault Server for spring 2024 team-01o online section","disk":[{"aio":"","backup":0,"cache":"none","discard":"","file":"vm-134-disk-0","format":"raw","iops":0,"iops_max":0,"iops_max_length":0,"iops_rd":0,"iops_rd_max":0,"iops_rd_max_length":0,"iops_wr":0,"iops_wr_max":0,"iops_wr_max_length":0,"iothread":0,"mbps":0,"mbps_rd":0,"mbps_rd_max":0,"mbps_wr":0,"mbps_wr_max":0,"media":"","replicate":0,"size":"30G","slot":0,"ssd":0,"storage":"datadisk1","storage_type":"lvm","type":"virtio","volume":"datadisk1:vm-134-disk-0"}],"disk_gb":0,"force_create":false,"force_recreate_on_change_of":"","full_clone":true,"guest_agent_ready_timeout":100,"hagroup":"","hastate":"","hotplug":"network,disk,usb","ipconfig0":"ip=dhcp","ipconfig1":"ip=dhcp","ipconfig2":"ip=dhcp","ipconfig3":"","ipconfig4":"","ipconfig5":"","iso":"","kvm":true,"mac":"","memory":4096,"name":"team-01o-vault-server-vm0.service.consul","nameserver":"","network":[{"bridge":"vmbr0","firewall":false,"link_down":false,"macaddr":"D2:AB:88:A4:DA:C6","model":"virtio","mtu":0,"queues":0,"rate":0,"tag":-1},{"bridge":"vmbr1","firewall":false,"link_down":false,"macaddr":"F6:75:F4:4F:5B:2C","model":"virtio","mtu":0,"queues":0,"rate":0,"tag":-1},{"bridge":"vmbr2","firewall":false,"link_down":false,"macaddr":"26:EE:ED:92:E9:85","model":"virtio","mtu":0,"queues":0,"rate":0,"tag":-1}],"nic":"","numa":false,"onboot":false,"oncreate":true,"os_network_config":"","os_type":"cloud-init","pool":"","preprovision":true,"pxe":false,"qemu_os":"l26","reboot_required":false,"scsihw":"virtio-scsi-pci","searchdomain":"","serial":[],"sockets":1,"ssh_forward_ip":"","ssh_host":"192.168.172.94","ssh_port":"22","ssh_private_key":"","ssh_user":"","sshkeys":"","startup":"","storage":"","storage_type":"","tablet":true,"tags":"","target_node":"system41","unused_disk":[],"usb":[],"vcpus":0,"vga":[],"vlan":-1,"vmid":0}' [36mloggerName=[0mresource_vm_read [36mvmid=[0m134
